Feb 16, 2023 8:31:58 PM org.apache.coyote.AbstractProtocol init
INFO: Initializing ProtocolHandler ["http-nio-auto-1"]
Feb 16, 2023 8:31:58 PM org.apache.tomcat.util.net.NioSelectorPool getSharedSelector
INFO: Using a shared selector for servlet write/read
Feb 16, 2023 8:31:58 PM org.apache.catalina.core.StandardService startInternal
INFO: Starting service [Tomcat]
Feb 16, 2023 8:31:58 PM org.apache.catalina.core.StandardEngine startInternal
INFO: Starting Servlet engine: [Apache Tomcat/8.5.69]
Feb 16, 2023 8:31:58 PM org.apache.coyote.AbstractProtocol start
INFO: Starting ProtocolHandler ["http-nio-auto-1-34991"]
Feb 16, 2023 8:31:59 PM exercise.servlet.SessionServlet login
INFO: Попытка входа с email: lavern.keeling@gmail.com
Feb 16, 2023 8:31:59 PM exercise.servlet.SessionServlet login
INFO: Попытка входа с email: shoshana.haley@hotmail.com
Feb 16, 2023 8:31:59 PM exercise.servlet.SessionServlet login
INFO: Попытка входа с email: suzann.barrows@hotmail.com
Feb 16, 2023 8:31:59 PM exercise.servlet.SessionServlet login
INFO: Попытка входа с email: lavern.keeling@gmail.com
Feb 16, 2023 8:31:59 PM exercise.servlet.SessionServlet login
INFO: Попытка входа с email: lavern.keeling@gmail.com
Feb 16, 2023 8:31:59 PM exercise.servlet.SessionServlet login
INFO: Попытка входа с email: lavern.keeling@gmail.com
Feb 16, 2023 8:32:00 PM org.apache.coyote.AbstractProtocol pause
INFO: Pausing ProtocolHandler ["http-nio-auto-1-34991"]
Feb 16, 2023 8:32:00 PM org.apache.catalina.core.StandardService stopInternal
INFO: Stopping service [Tomcat]
Feb 16, 2023 8:32:00 PM org.apache.catalina.loader.WebappClassLoaderBase clearReferencesObjectStreamClassCaches
WARNING: When running on Java 9 or later you need to add "--add-opens=java.base/java.io=null" to the JVM command line arguments to enable ObjectStream cache memory leak protection. Alternatively, you can suppress this warning by disabling ObjectStream class cache memory leak protection.
Feb 16, 2023 8:32:00 PM org.apache.catalina.loader.WebappClassLoaderBase clearReferencesRmiTargets
WARNING: When running on Java 9 or later you need to add "--add-opens=java.rmi/sun.rmi.transport=null" to the JVM command line arguments to enable RMI Target memory leak detection. Alternatively, you can suppress this warning by disabling RMI Target memory leak detection.
Feb 16, 2023 8:32:00 PM org.apache.coyote.AbstractProtocol stop
INFO: Stopping ProtocolHandler ["http-nio-auto-1-34991"]
